<?xml version="1.0" encoding="UTF-8"?>
<testng-results ignored="0" total="1" passed="1" failed="0" skipped="0">
  <reporter-output>
  </reporter-output>
  <suite started-at="2018-10-07T12:35:20Z" name="Default suite" finished-at="2018-10-07T12:35:20Z" duration-ms="157">
    <groups>
    </groups>
    <test started-at="2018-10-07T12:35:20Z" name="Default test" finished-at="2018-10-07T12:35:20Z" duration-ms="157">
      <class name="com.qa.FeaturesTestNG">
        <test-method signature="loginTest()[pri:0, instance:com.qa.FeaturesTestNG@4738a206]" started-at="2018-10-07T12:35:20Z" name="loginTest" finished-at="2018-10-07T12:35:20Z" duration-ms="36" status="PASS">
          <reporter-output>
          </reporter-output>
        </test-method> <!-- loginTest -->
      </class> <!-- com.qa.FeaturesTestNG -->
    </test> <!-- Default test -->
  </suite> <!-- Default suite -->
</testng-results>
